
No compatibility mode selected!


Circuit: bgr tf - compute variation coefficients

Doing analysis at TEMP = 27.000000 and TNOM = 27.000000


Initial Transient Solution
--------------------------

Node                                   Voltage
----                                   -------
xbgr.sky130_asc_res_xhigh_po_2p85_1_7/rin     4.28443e-26
xbgr.xsky130_asc_res_xhigh_po_2p85_1_7.x0.t1     4.28443e-26
xbgr.xsky130_asc_res_xhigh_po_2p85_1_7.x0.t2     4.28443e-26
vss                                4.28443e-26
xbgr.sky130_asc_res_xhigh_po_2p85_1_6/rin     4.28443e-26
xbgr.xsky130_asc_res_xhigh_po_2p85_1_7.x1.t1     4.28443e-26
xbgr.xsky130_asc_res_xhigh_po_2p85_1_7.x1.t2     4.28443e-26
bg                                 4.28443e-26
xbgr.xsky130_asc_res_xhigh_po_2p85_1_8.x0.t1     4.28443e-26
xbgr.xsky130_asc_res_xhigh_po_2p85_1_8.x0.t2     4.28443e-26
xbgr.xsky130_asc_res_xhigh_po_2p85_1_8.x1.t1     4.28443e-26
xbgr.xsky130_asc_res_xhigh_po_2p85_1_8.x1.t2     4.28443e-26
xbgr.sky130_asc_res_xhigh_po_2p85_1_9/rin    -3.90853e-24
xbgr.xsky130_asc_res_xhigh_po_2p85_1_9.x0.t1    -3.90195e-24
xbgr.xsky130_asc_res_xhigh_po_2p85_1_9.x0.t2    -3.07838e-24
xbgr.sky130_asc_res_xhigh_po_2p85_2_0/rin    -2.23507e-24
xbgr.xsky130_asc_res_xhigh_po_2p85_1_9.x1.t1    -2.24165e-24
xbgr.xsky130_asc_res_xhigh_po_2p85_1_9.x1.t2    -3.06522e-24
vdd                                4.28443e-26
xbgr.sky130_asc_cap_mim_m3_1_4/cout     3.35415e-18
xbgr.sky130_asc_nfet_01v8_lvt_9_2/gate    -1.89697e-23
xbgr.sky130_asc_cap_mim_m3_1_9/cin     4.44966e-26
xbgr.xsky130_asc_res_xhigh_po_2p85_1_30.x0.t1      4.4496e-26
xbgr.xsky130_asc_res_xhigh_po_2p85_1_30.x0.t2     4.44245e-26
xbgr.sky130_asc_res_xhigh_po_2p85_1_29/rin     4.43512e-26
xbgr.xsky130_asc_res_xhigh_po_2p85_1_30.x1.t1     4.43518e-26
xbgr.xsky130_asc_res_xhigh_po_2p85_1_30.x1.t2     4.44233e-26
xbgr.xsky130_asc_res_xhigh_po_2p85_1_20.x0.t1    -1.89697e-23
xbgr.xsky130_asc_res_xhigh_po_2p85_1_20.x0.t2    -1.89697e-23
xbgr.sky130_asc_res_xhigh_po_2p85_1_19/rin    -1.89698e-23
xbgr.xsky130_asc_res_xhigh_po_2p85_1_20.x1.t1    -1.89698e-23
xbgr.xsky130_asc_res_xhigh_po_2p85_1_20.x1.t2    -1.89697e-23
xbgr.sky130_asc_res_xhigh_po_2p85_1_19/rout    -1.89699e-23
xbgr.sky130_asc_res_xhigh_po_2p85_1_10/rin    -5.58199e-24
xbgr.xsky130_asc_res_xhigh_po_2p85_1_10.x0.t1    -5.57541e-24
xbgr.xsky130_asc_res_xhigh_po_2p85_1_10.x0.t2    -4.75184e-24
xbgr.xsky130_asc_res_xhigh_po_2p85_1_10.x1.t1    -3.91511e-24
xbgr.xsky130_asc_res_xhigh_po_2p85_1_10.x1.t2    -4.73868e-24
xbgr.sky130_asc_res_xhigh_po_2p85_1_21/rin     4.31877e-26
xbgr.xsky130_asc_res_xhigh_po_2p85_1_21.x0.t1     4.31871e-26
xbgr.xsky130_asc_res_xhigh_po_2p85_1_21.x0.t2     4.31156e-26
xbgr.sky130_asc_res_xhigh_po_2p85_2_1/rin     4.30423e-26
xbgr.xsky130_asc_res_xhigh_po_2p85_1_21.x1.t1     4.30429e-26
xbgr.xsky130_asc_res_xhigh_po_2p85_1_21.x1.t2     4.31144e-26
xbgr.xsky130_asc_res_xhigh_po_2p85_2_0.x0.t1     3.62646e-26
xbgr.xsky130_asc_res_xhigh_po_2p85_2_0.x0.t2    -1.08953e-24
xbgr.xsky130_asc_res_xhigh_po_2p85_2_0.x1.t1    -2.22849e-24
xbgr.xsky130_asc_res_xhigh_po_2p85_2_0.x1.t2    -1.10269e-24
xbgr.sky130_asc_res_xhigh_po_2p85_1_22/rin     4.33332e-26
xbgr.xsky130_asc_res_xhigh_po_2p85_1_22.x0.t1     4.33326e-26
xbgr.xsky130_asc_res_xhigh_po_2p85_1_22.x0.t2      4.3261e-26
xbgr.xsky130_asc_res_xhigh_po_2p85_1_22.x1.t1     4.31883e-26
xbgr.xsky130_asc_res_xhigh_po_2p85_1_22.x1.t2     4.32599e-26
xbgr.sky130_asc_res_xhigh_po_2p85_1_11/rin    -7.25545e-24
xbgr.xsky130_asc_res_xhigh_po_2p85_1_11.x0.t1    -7.24887e-24
xbgr.xsky130_asc_res_xhigh_po_2p85_1_11.x0.t2     -6.4253e-24
xbgr.xsky130_asc_res_xhigh_po_2p85_1_11.x1.t1    -5.58857e-24
xbgr.xsky130_asc_res_xhigh_po_2p85_1_11.x1.t2    -6.41214e-24
xbgr.xsky130_asc_res_xhigh_po_2p85_2_1.x0.t1     4.28449e-26
xbgr.xsky130_asc_res_xhigh_po_2p85_2_1.x0.t2     4.29427e-26
xbgr.xsky130_asc_res_xhigh_po_2p85_2_1.x1.t1     4.30417e-26
xbgr.xsky130_asc_res_xhigh_po_2p85_2_1.x1.t2     4.29439e-26
xbgr.sky130_asc_res_xhigh_po_2p85_1_12/rin    -8.92891e-24
xbgr.xsky130_asc_res_xhigh_po_2p85_1_12.x0.t1    -8.92233e-24
xbgr.xsky130_asc_res_xhigh_po_2p85_1_12.x0.t2    -8.09876e-24
xbgr.xsky130_asc_res_xhigh_po_2p85_1_12.x1.t1    -7.26203e-24
xbgr.xsky130_asc_res_xhigh_po_2p85_1_12.x1.t2     -8.0856e-24
xbgr.sky130_asc_res_xhigh_po_2p85_1_23/rin     4.34786e-26
xbgr.xsky130_asc_res_xhigh_po_2p85_1_23.x0.t1      4.3478e-26
xbgr.xsky130_asc_res_xhigh_po_2p85_1_23.x0.t2     4.34064e-26
xbgr.xsky130_asc_res_xhigh_po_2p85_1_23.x1.t1     4.33337e-26
xbgr.xsky130_asc_res_xhigh_po_2p85_1_23.x1.t2     4.34053e-26
xbgr.sky130_asc_res_xhigh_po_2p85_1_13/rin    -1.06024e-23
xbgr.xsky130_asc_res_xhigh_po_2p85_1_13.x0.t1    -1.05958e-23
xbgr.xsky130_asc_res_xhigh_po_2p85_1_13.x0.t2    -9.77222e-24
xbgr.xsky130_asc_res_xhigh_po_2p85_1_13.x1.t1    -8.93549e-24
xbgr.xsky130_asc_res_xhigh_po_2p85_1_13.x1.t2    -9.75906e-24
xbgr.sky130_asc_res_xhigh_po_2p85_1_24/rin      4.3624e-26
xbgr.xsky130_asc_res_xhigh_po_2p85_1_24.x0.t1     4.36234e-26
xbgr.xsky130_asc_res_xhigh_po_2p85_1_24.x0.t2     4.35519e-26
xbgr.xsky130_asc_res_xhigh_po_2p85_1_24.x1.t1     4.34792e-26
xbgr.xsky130_asc_res_xhigh_po_2p85_1_24.x1.t2     4.35507e-26
xbgr.sky130_asc_res_xhigh_po_2p85_1_14/rin    -1.22758e-23
xbgr.xsky130_asc_res_xhigh_po_2p85_1_14.x0.t1    -1.22693e-23
xbgr.xsky130_asc_res_xhigh_po_2p85_1_14.x0.t2    -1.14457e-23
xbgr.xsky130_asc_res_xhigh_po_2p85_1_14.x1.t1    -1.06089e-23
xbgr.xsky130_asc_res_xhigh_po_2p85_1_14.x1.t2    -1.14325e-23
xbgr.sky130_asc_res_xhigh_po_2p85_1_25/rin     4.37694e-26
xbgr.xsky130_asc_res_xhigh_po_2p85_1_25.x0.t1     4.37689e-26
xbgr.xsky130_asc_res_xhigh_po_2p85_1_25.x0.t2     4.36973e-26
xbgr.xsky130_asc_res_xhigh_po_2p85_1_25.x1.t1     4.36246e-26
xbgr.xsky130_asc_res_xhigh_po_2p85_1_25.x1.t2     4.36962e-26
xbgr.sky130_asc_nfet_01v8_lvt_1_1/gate    -3.65176e-18
xbgr.sky130_asc_res_xhigh_po_2p85_1_15/rin    -1.39493e-23
xbgr.xsky130_asc_res_xhigh_po_2p85_1_15.x0.t1    -1.39427e-23
xbgr.xsky130_asc_res_xhigh_po_2p85_1_15.x0.t2    -1.31191e-23
xbgr.xsky130_asc_res_xhigh_po_2p85_1_15.x1.t1    -1.22824e-23
xbgr.xsky130_asc_res_xhigh_po_2p85_1_15.x1.t2     -1.3106e-23
xbgr.sky130_asc_res_xhigh_po_2p85_1_26/rin     4.39149e-26
xbgr.xsky130_asc_res_xhigh_po_2p85_1_26.x0.t1     4.39143e-26
xbgr.xsky130_asc_res_xhigh_po_2p85_1_26.x0.t2     4.38427e-26
xbgr.xsky130_asc_res_xhigh_po_2p85_1_26.x1.t1       4.377e-26
xbgr.xsky130_asc_res_xhigh_po_2p85_1_26.x1.t2     4.38416e-26
xbgr.sky130_asc_res_xhigh_po_2p85_1_16/rin    -1.56228e-23
xbgr.xsky130_asc_res_xhigh_po_2p85_1_16.x0.t1    -1.56162e-23
xbgr.xsky130_asc_res_xhigh_po_2p85_1_16.x0.t2    -1.47926e-23
xbgr.xsky130_asc_res_xhigh_po_2p85_1_16.x1.t1    -1.39559e-23
xbgr.xsky130_asc_res_xhigh_po_2p85_1_16.x1.t2    -1.47794e-23
xbgr.sky130_asc_res_xhigh_po_2p85_1_27/rin     4.40603e-26
xbgr.xsky130_asc_res_xhigh_po_2p85_1_27.x0.t1     4.40597e-26
xbgr.xsky130_asc_res_xhigh_po_2p85_1_27.x0.t2     4.39882e-26
xbgr.xsky130_asc_res_xhigh_po_2p85_1_27.x1.t1     4.39155e-26
xbgr.xsky130_asc_res_xhigh_po_2p85_1_27.x1.t2      4.3987e-26
xbgr.sky130_asc_res_xhigh_po_2p85_1_17/rin    -1.72962e-23
xbgr.xsky130_asc_res_xhigh_po_2p85_1_17.x0.t1    -1.72896e-23
xbgr.xsky130_asc_res_xhigh_po_2p85_1_17.x0.t2    -1.64661e-23
xbgr.xsky130_asc_res_xhigh_po_2p85_1_17.x1.t1    -1.56293e-23
xbgr.xsky130_asc_res_xhigh_po_2p85_1_17.x1.t2    -1.64529e-23
xbgr.sky130_asc_res_xhigh_po_2p85_1_28/rin     4.42057e-26
xbgr.xsky130_asc_res_xhigh_po_2p85_1_28.x0.t1     4.42052e-26
xbgr.xsky130_asc_res_xhigh_po_2p85_1_28.x0.t2     4.41336e-26
xbgr.xsky130_asc_res_xhigh_po_2p85_1_28.x1.t1     4.40609e-26
xbgr.xsky130_asc_res_xhigh_po_2p85_1_28.x1.t2     4.41325e-26
porst                              4.28443e-26
xbgr.xsky130_asc_res_xhigh_po_2p85_1_18.x0.t1    -1.89631e-23
xbgr.xsky130_asc_res_xhigh_po_2p85_1_18.x0.t2    -1.81395e-23
xbgr.xsky130_asc_res_xhigh_po_2p85_1_18.x1.t1    -1.73028e-23
xbgr.xsky130_asc_res_xhigh_po_2p85_1_18.x1.t2    -1.81264e-23
xbgr.xsky130_asc_res_xhigh_po_2p85_1_29.x0.t1     4.43506e-26
xbgr.xsky130_asc_res_xhigh_po_2p85_1_29.x0.t2      4.4279e-26
xbgr.xsky130_asc_res_xhigh_po_2p85_1_29.x1.t1     4.42063e-26
xbgr.xsky130_asc_res_xhigh_po_2p85_1_29.x1.t2     4.42779e-26
xbgr.sky130_asc_pfet_01v8_lvt_6_1/gate    -2.12899e-18
xbgr.sky130_asc_nfet_01v8_lvt_1_1/drain     1.40402e-18
xbgr.xsky130_asc_res_xhigh_po_2p85_1_19.x0.t1    -1.89698e-23
xbgr.xsky130_asc_res_xhigh_po_2p85_1_19.x0.t2    -1.89698e-23
xbgr.xsky130_asc_res_xhigh_po_2p85_1_19.x1.t1    -1.89699e-23
xbgr.xsky130_asc_res_xhigh_po_2p85_1_19.x1.t2    -1.89698e-23
xbgr.xsky130_asc_cap_mim_m3_1_0.x0.a     4.28443e-26
xbgr.xsky130_asc_cap_mim_m3_1_0.x0.b1     4.28443e-26
xbgr.xsky130_asc_cap_mim_m3_1_0.x1.a     4.28443e-26
xbgr.xsky130_asc_cap_mim_m3_1_0.x1.b1     4.28443e-26
xbgr.xsky130_asc_cap_mim_m3_1_0.x2.a     4.28443e-26
xbgr.xsky130_asc_cap_mim_m3_1_0.x2.b1     4.28443e-26
xbgr.xsky130_asc_cap_mim_m3_1_0.x3.a     4.28443e-26
xbgr.xsky130_asc_cap_mim_m3_1_0.x3.b1     4.28443e-26
xbgr.xsky130_asc_cap_mim_m3_1_0.x4.a     4.28443e-26
xbgr.xsky130_asc_cap_mim_m3_1_0.x4.b1     4.28443e-26
xbgr.xsky130_asc_cap_mim_m3_1_0.x5.a     4.28443e-26
xbgr.xsky130_asc_cap_mim_m3_1_0.x5.b1     4.28443e-26
xbgr.xsky130_asc_cap_mim_m3_1_0.x6.a     4.28443e-26
xbgr.xsky130_asc_cap_mim_m3_1_0.x6.b1     4.28443e-26
xbgr.xsky130_asc_cap_mim_m3_1_0.x7.a     4.28443e-26
xbgr.xsky130_asc_cap_mim_m3_1_0.x7.b1     4.28443e-26
xbgr.xsky130_asc_cap_mim_m3_1_0.x8.a     4.28443e-26
xbgr.xsky130_asc_cap_mim_m3_1_0.x8.b1     4.28443e-26
xbgr.xsky130_asc_cap_mim_m3_1_0.x9.a     4.28443e-26
xbgr.xsky130_asc_cap_mim_m3_1_0.x9.b1     4.28443e-26
xbgr.xsky130_asc_cap_mim_m3_1_0.x10.a     4.28443e-26
xbgr.xsky130_asc_cap_mim_m3_1_0.x10.b1     4.28443e-26
xbgr.xsky130_asc_cap_mim_m3_1_0.x11.a     4.28443e-26
xbgr.xsky130_asc_cap_mim_m3_1_0.x11.b1     4.28443e-26
xbgr.xsky130_asc_cap_mim_m3_1_0.x12.a     4.28443e-26
xbgr.xsky130_asc_cap_mim_m3_1_0.x12.b1     4.28443e-26
xbgr.xsky130_asc_cap_mim_m3_1_0.x13.a     4.28443e-26
xbgr.xsky130_asc_cap_mim_m3_1_0.x13.b1     4.28443e-26
xbgr.xsky130_asc_cap_mim_m3_1_0.x14.a     4.28443e-26
xbgr.xsky130_asc_cap_mim_m3_1_0.x14.b1     4.28443e-26
xbgr.xsky130_asc_cap_mim_m3_1_0.x15.a     4.28443e-26
xbgr.xsky130_asc_cap_mim_m3_1_0.x15.b1     4.28443e-26
xbgr.xsky130_asc_cap_mim_m3_1_0.x16.a     4.28443e-26
xbgr.xsky130_asc_cap_mim_m3_1_0.x16.b1     4.28443e-26
xbgr.xsky130_asc_cap_mim_m3_1_0.x17.a     4.28443e-26
xbgr.xsky130_asc_cap_mim_m3_1_0.x17.b1     4.28443e-26
xbgr.xsky130_asc_cap_mim_m3_1_0.x18.a     4.28443e-26
xbgr.xsky130_asc_cap_mim_m3_1_0.x18.b1     4.28443e-26
xbgr.xsky130_asc_cap_mim_m3_1_0.x19.a     4.28443e-26
xbgr.xsky130_asc_cap_mim_m3_1_0.x19.b1     4.28443e-26
xbgr.xsky130_asc_cap_mim_m3_1_1.x0.a     4.28443e-26
xbgr.xsky130_asc_cap_mim_m3_1_1.x0.b1     4.28443e-26
xbgr.xsky130_asc_cap_mim_m3_1_1.x1.a     4.28443e-26
xbgr.xsky130_asc_cap_mim_m3_1_1.x1.b1     4.28443e-26
xbgr.xsky130_asc_cap_mim_m3_1_1.x2.a     4.28443e-26
xbgr.xsky130_asc_cap_mim_m3_1_1.x2.b1     4.28443e-26
xbgr.xsky130_asc_cap_mim_m3_1_1.x3.a     4.28443e-26
xbgr.xsky130_asc_cap_mim_m3_1_1.x3.b1     4.28443e-26
xbgr.xsky130_asc_cap_mim_m3_1_1.x4.a     4.28443e-26
xbgr.xsky130_asc_cap_mim_m3_1_1.x4.b1     4.28443e-26
xbgr.xsky130_asc_cap_mim_m3_1_1.x5.a     4.28443e-26
xbgr.xsky130_asc_cap_mim_m3_1_1.x5.b1     4.28443e-26
xbgr.xsky130_asc_cap_mim_m3_1_1.x6.a     4.28443e-26
xbgr.xsky130_asc_cap_mim_m3_1_1.x6.b1     4.28443e-26
xbgr.xsky130_asc_cap_mim_m3_1_1.x7.a     4.28443e-26
xbgr.xsky130_asc_cap_mim_m3_1_1.x7.b1     4.28443e-26
xbgr.xsky130_asc_cap_mim_m3_1_1.x8.a     4.28443e-26
xbgr.xsky130_asc_cap_mim_m3_1_1.x8.b1     4.28443e-26
xbgr.xsky130_asc_cap_mim_m3_1_1.x9.a     4.28443e-26
xbgr.xsky130_asc_cap_mim_m3_1_1.x9.b1     4.28443e-26
xbgr.xsky130_asc_cap_mim_m3_1_1.x10.a     4.28443e-26
xbgr.xsky130_asc_cap_mim_m3_1_1.x10.b1     4.28443e-26
xbgr.xsky130_asc_cap_mim_m3_1_1.x11.a     4.28443e-26
xbgr.xsky130_asc_cap_mim_m3_1_1.x11.b1     4.28443e-26
xbgr.xsky130_asc_cap_mim_m3_1_1.x12.a     4.28443e-26
xbgr.xsky130_asc_cap_mim_m3_1_1.x12.b1     4.28443e-26
xbgr.xsky130_asc_cap_mim_m3_1_1.x13.a     4.28443e-26
xbgr.xsky130_asc_cap_mim_m3_1_1.x13.b1     4.28443e-26
xbgr.xsky130_asc_cap_mim_m3_1_1.x14.a     4.28443e-26
xbgr.xsky130_asc_cap_mim_m3_1_1.x14.b1     4.28443e-26
xbgr.xsky130_asc_cap_mim_m3_1_1.x15.a     4.28443e-26
xbgr.xsky130_asc_cap_mim_m3_1_1.x15.b1     4.28443e-26
xbgr.xsky130_asc_cap_mim_m3_1_1.x16.a     4.28443e-26
xbgr.xsky130_asc_cap_mim_m3_1_1.x16.b1     4.28443e-26
xbgr.xsky130_asc_cap_mim_m3_1_1.x17.a     4.28443e-26
xbgr.xsky130_asc_cap_mim_m3_1_1.x17.b1     4.28443e-26
xbgr.xsky130_asc_cap_mim_m3_1_1.x18.a     4.28443e-26
xbgr.xsky130_asc_cap_mim_m3_1_1.x18.b1     4.28443e-26
xbgr.xsky130_asc_cap_mim_m3_1_1.x19.a     4.28443e-26
xbgr.xsky130_asc_cap_mim_m3_1_1.x19.b1     4.28443e-26
xbgr.xsky130_asc_cap_mim_m3_1_2.x0.a     4.28443e-26
xbgr.xsky130_asc_cap_mim_m3_1_2.x0.b1     4.28443e-26
xbgr.xsky130_asc_cap_mim_m3_1_2.x1.a     4.28443e-26
xbgr.xsky130_asc_cap_mim_m3_1_2.x1.b1     4.28443e-26
xbgr.xsky130_asc_cap_mim_m3_1_2.x2.a     4.28443e-26
xbgr.xsky130_asc_cap_mim_m3_1_2.x2.b1     4.28443e-26
xbgr.xsky130_asc_cap_mim_m3_1_2.x3.a     4.28443e-26
xbgr.xsky130_asc_cap_mim_m3_1_2.x3.b1     4.28443e-26
xbgr.xsky130_asc_cap_mim_m3_1_2.x4.a     4.28443e-26
xbgr.xsky130_asc_cap_mim_m3_1_2.x4.b1     4.28443e-26
xbgr.xsky130_asc_cap_mim_m3_1_2.x5.a     4.28443e-26
xbgr.xsky130_asc_cap_mim_m3_1_2.x5.b1     4.28443e-26
xbgr.xsky130_asc_cap_mim_m3_1_2.x6.a     4.28443e-26
xbgr.xsky130_asc_cap_mim_m3_1_2.x6.b1     4.28443e-26
xbgr.xsky130_asc_cap_mim_m3_1_2.x7.a     4.28443e-26
xbgr.xsky130_asc_cap_mim_m3_1_2.x7.b1     4.28443e-26
xbgr.xsky130_asc_cap_mim_m3_1_2.x8.a     4.28443e-26
xbgr.xsky130_asc_cap_mim_m3_1_2.x8.b1     4.28443e-26
xbgr.xsky130_asc_cap_mim_m3_1_2.x9.a     4.28443e-26
xbgr.xsky130_asc_cap_mim_m3_1_2.x9.b1     4.28443e-26
xbgr.xsky130_asc_cap_mim_m3_1_2.x10.a     4.28443e-26
xbgr.xsky130_asc_cap_mim_m3_1_2.x10.b1     4.28443e-26
xbgr.xsky130_asc_cap_mim_m3_1_2.x11.a     4.28443e-26
xbgr.xsky130_asc_cap_mim_m3_1_2.x11.b1     4.28443e-26
xbgr.xsky130_asc_cap_mim_m3_1_2.x12.a     4.28443e-26
xbgr.xsky130_asc_cap_mim_m3_1_2.x12.b1     4.28443e-26
xbgr.xsky130_asc_cap_mim_m3_1_2.x13.a     4.28443e-26
xbgr.xsky130_asc_cap_mim_m3_1_2.x13.b1     4.28443e-26
xbgr.xsky130_asc_cap_mim_m3_1_2.x14.a     4.28443e-26
xbgr.xsky130_asc_cap_mim_m3_1_2.x14.b1     4.28443e-26
xbgr.xsky130_asc_cap_mim_m3_1_2.x15.a     4.28443e-26
xbgr.xsky130_asc_cap_mim_m3_1_2.x15.b1     4.28443e-26
xbgr.xsky130_asc_cap_mim_m3_1_2.x16.a     4.28443e-26
xbgr.xsky130_asc_cap_mim_m3_1_2.x16.b1     4.28443e-26
xbgr.xsky130_asc_cap_mim_m3_1_2.x17.a     4.28443e-26
xbgr.xsky130_asc_cap_mim_m3_1_2.x17.b1     4.28443e-26
xbgr.xsky130_asc_cap_mim_m3_1_2.x18.a     4.28443e-26
xbgr.xsky130_asc_cap_mim_m3_1_2.x18.b1     4.28443e-26
xbgr.xsky130_asc_cap_mim_m3_1_2.x19.a     4.28443e-26
xbgr.xsky130_asc_cap_mim_m3_1_2.x19.b1     4.28443e-26
xbgr.xsky130_asc_cap_mim_m3_1_3.x0.a     4.28443e-26
xbgr.xsky130_asc_cap_mim_m3_1_3.x0.b1     4.28443e-26
xbgr.xsky130_asc_cap_mim_m3_1_3.x1.a     4.28443e-26
xbgr.xsky130_asc_cap_mim_m3_1_3.x1.b1     4.28443e-26
xbgr.xsky130_asc_cap_mim_m3_1_3.x2.a     4.28443e-26
xbgr.xsky130_asc_cap_mim_m3_1_3.x2.b1     4.28443e-26
xbgr.xsky130_asc_cap_mim_m3_1_3.x3.a     4.28443e-26
xbgr.xsky130_asc_cap_mim_m3_1_3.x3.b1     4.28443e-26
xbgr.xsky130_asc_cap_mim_m3_1_3.x4.a     4.28443e-26
xbgr.xsky130_asc_cap_mim_m3_1_3.x4.b1     4.28443e-26
xbgr.xsky130_asc_cap_mim_m3_1_3.x5.a     4.28443e-26
xbgr.xsky130_asc_cap_mim_m3_1_3.x5.b1     4.28443e-26
xbgr.xsky130_asc_cap_mim_m3_1_3.x6.a     4.28443e-26
xbgr.xsky130_asc_cap_mim_m3_1_3.x6.b1     4.28443e-26
xbgr.xsky130_asc_cap_mim_m3_1_3.x7.a     4.28443e-26
xbgr.xsky130_asc_cap_mim_m3_1_3.x7.b1     4.28443e-26
xbgr.xsky130_asc_cap_mim_m3_1_3.x8.a     4.28443e-26
xbgr.xsky130_asc_cap_mim_m3_1_3.x8.b1     4.28443e-26
xbgr.xsky130_asc_cap_mim_m3_1_3.x9.a     4.28443e-26
xbgr.xsky130_asc_cap_mim_m3_1_3.x9.b1     4.28443e-26
xbgr.xsky130_asc_cap_mim_m3_1_3.x10.a     4.28443e-26
xbgr.xsky130_asc_cap_mim_m3_1_3.x10.b1     4.28443e-26
xbgr.xsky130_asc_cap_mim_m3_1_3.x11.a     4.28443e-26
xbgr.xsky130_asc_cap_mim_m3_1_3.x11.b1     4.28443e-26
xbgr.xsky130_asc_cap_mim_m3_1_3.x12.a     4.28443e-26
xbgr.xsky130_asc_cap_mim_m3_1_3.x12.b1     4.28443e-26
xbgr.xsky130_asc_cap_mim_m3_1_3.x13.a     4.28443e-26
xbgr.xsky130_asc_cap_mim_m3_1_3.x13.b1     4.28443e-26
xbgr.xsky130_asc_cap_mim_m3_1_3.x14.a     4.28443e-26
xbgr.xsky130_asc_cap_mim_m3_1_3.x14.b1     4.28443e-26
xbgr.xsky130_asc_cap_mim_m3_1_3.x15.a     4.28443e-26
xbgr.xsky130_asc_cap_mim_m3_1_3.x15.b1     4.28443e-26
xbgr.xsky130_asc_cap_mim_m3_1_3.x16.a     4.28443e-26
xbgr.xsky130_asc_cap_mim_m3_1_3.x16.b1     4.28443e-26
xbgr.xsky130_asc_cap_mim_m3_1_3.x17.a     4.28443e-26
xbgr.xsky130_asc_cap_mim_m3_1_3.x17.b1     4.28443e-26
xbgr.xsky130_asc_cap_mim_m3_1_3.x18.a     4.28443e-26
xbgr.xsky130_asc_cap_mim_m3_1_3.x18.b1     4.28443e-26
xbgr.xsky130_asc_cap_mim_m3_1_3.x19.a     4.28443e-26
xbgr.xsky130_asc_cap_mim_m3_1_3.x19.b1     4.28443e-26
xbgr.xsky130_asc_cap_mim_m3_1_4.x0.a     4.28443e-26
xbgr.xsky130_asc_cap_mim_m3_1_4.x0.b1     4.28443e-26
xbgr.xsky130_asc_cap_mim_m3_1_4.x1.a     4.28443e-26
xbgr.xsky130_asc_cap_mim_m3_1_4.x1.b1     4.28443e-26
xbgr.xsky130_asc_cap_mim_m3_1_4.x2.a     4.28443e-26
xbgr.xsky130_asc_cap_mim_m3_1_4.x2.b1     4.28443e-26
xbgr.xsky130_asc_cap_mim_m3_1_4.x3.a     4.28443e-26
xbgr.xsky130_asc_cap_mim_m3_1_4.x3.b1     4.28443e-26
xbgr.xsky130_asc_cap_mim_m3_1_4.x4.a     4.28443e-26
xbgr.xsky130_asc_cap_mim_m3_1_4.x4.b1     4.28443e-26
xbgr.xsky130_asc_cap_mim_m3_1_4.x5.a     4.28443e-26
xbgr.xsky130_asc_cap_mim_m3_1_4.x5.b1     4.28443e-26
xbgr.xsky130_asc_cap_mim_m3_1_4.x6.a     4.28443e-26
xbgr.xsky130_asc_cap_mim_m3_1_4.x6.b1     4.28443e-26
xbgr.xsky130_asc_cap_mim_m3_1_4.x7.a     4.28443e-26
xbgr.xsky130_asc_cap_mim_m3_1_4.x7.b1     4.28443e-26
xbgr.xsky130_asc_cap_mim_m3_1_4.x8.a     4.28443e-26
xbgr.xsky130_asc_cap_mim_m3_1_4.x8.b1     4.28443e-26
xbgr.xsky130_asc_cap_mim_m3_1_4.x9.a     4.28443e-26
xbgr.xsky130_asc_cap_mim_m3_1_4.x9.b1     4.28443e-26
xbgr.xsky130_asc_cap_mim_m3_1_4.x10.a     4.28443e-26
xbgr.xsky130_asc_cap_mim_m3_1_4.x10.b1     4.28443e-26
xbgr.xsky130_asc_cap_mim_m3_1_4.x11.a     4.28443e-26
xbgr.xsky130_asc_cap_mim_m3_1_4.x11.b1     4.28443e-26
xbgr.xsky130_asc_cap_mim_m3_1_4.x12.a     4.28443e-26
xbgr.xsky130_asc_cap_mim_m3_1_4.x12.b1     4.28443e-26
xbgr.xsky130_asc_cap_mim_m3_1_4.x13.a     4.28443e-26
xbgr.xsky130_asc_cap_mim_m3_1_4.x13.b1     4.28443e-26
xbgr.xsky130_asc_cap_mim_m3_1_4.x14.a     4.28443e-26
xbgr.xsky130_asc_cap_mim_m3_1_4.x14.b1     4.28443e-26
xbgr.xsky130_asc_cap_mim_m3_1_4.x15.a     4.28443e-26
xbgr.xsky130_asc_cap_mim_m3_1_4.x15.b1     4.28443e-26
xbgr.xsky130_asc_cap_mim_m3_1_4.x16.a     4.28443e-26
xbgr.xsky130_asc_cap_mim_m3_1_4.x16.b1     4.28443e-26
xbgr.xsky130_asc_cap_mim_m3_1_4.x17.a     4.28443e-26
xbgr.xsky130_asc_cap_mim_m3_1_4.x17.b1     4.28443e-26
xbgr.xsky130_asc_cap_mim_m3_1_4.x18.a     4.28443e-26
xbgr.xsky130_asc_cap_mim_m3_1_4.x18.b1     4.28443e-26
xbgr.xsky130_asc_cap_mim_m3_1_4.x19.a     4.28443e-26
xbgr.xsky130_asc_cap_mim_m3_1_4.x19.b1     4.28443e-26
xbgr.xsky130_asc_cap_mim_m3_1_5.x0.a     4.44966e-26
xbgr.xsky130_asc_cap_mim_m3_1_5.x0.b1     4.44966e-26
xbgr.xsky130_asc_cap_mim_m3_1_5.x1.a     4.44966e-26
xbgr.xsky130_asc_cap_mim_m3_1_5.x1.b1     4.44966e-26
xbgr.xsky130_asc_cap_mim_m3_1_5.x2.a     4.44966e-26
xbgr.xsky130_asc_cap_mim_m3_1_5.x2.b1     4.44966e-26
xbgr.xsky130_asc_cap_mim_m3_1_5.x3.a     4.44966e-26
xbgr.xsky130_asc_cap_mim_m3_1_5.x3.b1     4.44966e-26
xbgr.xsky130_asc_cap_mim_m3_1_5.x4.a     4.44966e-26
xbgr.xsky130_asc_cap_mim_m3_1_5.x4.b1     4.44966e-26
xbgr.xsky130_asc_cap_mim_m3_1_5.x5.a     4.44966e-26
xbgr.xsky130_asc_cap_mim_m3_1_5.x5.b1     4.44966e-26
xbgr.xsky130_asc_cap_mim_m3_1_5.x6.a     4.44966e-26
xbgr.xsky130_asc_cap_mim_m3_1_5.x6.b1     4.44966e-26
xbgr.xsky130_asc_cap_mim_m3_1_5.x7.a     4.44966e-26
xbgr.xsky130_asc_cap_mim_m3_1_5.x7.b1     4.44966e-26
xbgr.xsky130_asc_cap_mim_m3_1_5.x8.a     4.44966e-26
xbgr.xsky130_asc_cap_mim_m3_1_5.x8.b1     4.44966e-26
xbgr.xsky130_asc_cap_mim_m3_1_5.x9.a     4.44966e-26
xbgr.xsky130_asc_cap_mim_m3_1_5.x9.b1     4.44966e-26
xbgr.xsky130_asc_cap_mim_m3_1_5.x10.a     4.44966e-26
xbgr.xsky130_asc_cap_mim_m3_1_5.x10.b1     4.44966e-26
xbgr.xsky130_asc_cap_mim_m3_1_5.x11.a     4.44966e-26
xbgr.xsky130_asc_cap_mim_m3_1_5.x11.b1     4.44966e-26
xbgr.xsky130_asc_cap_mim_m3_1_5.x12.a     4.44966e-26
xbgr.xsky130_asc_cap_mim_m3_1_5.x12.b1     4.44966e-26
xbgr.xsky130_asc_cap_mim_m3_1_5.x13.a     4.44966e-26
xbgr.xsky130_asc_cap_mim_m3_1_5.x13.b1     4.44966e-26
xbgr.xsky130_asc_cap_mim_m3_1_5.x14.a     4.44966e-26
xbgr.xsky130_asc_cap_mim_m3_1_5.x14.b1     4.44966e-26
xbgr.xsky130_asc_cap_mim_m3_1_5.x15.a     4.44966e-26
xbgr.xsky130_asc_cap_mim_m3_1_5.x15.b1     4.44966e-26
xbgr.xsky130_asc_cap_mim_m3_1_5.x16.a     4.44966e-26
xbgr.xsky130_asc_cap_mim_m3_1_5.x16.b1     4.44966e-26
xbgr.xsky130_asc_cap_mim_m3_1_5.x17.a     4.44966e-26
xbgr.xsky130_asc_cap_mim_m3_1_5.x17.b1     4.44966e-26
xbgr.xsky130_asc_cap_mim_m3_1_5.x18.a     4.44966e-26
xbgr.xsky130_asc_cap_mim_m3_1_5.x18.b1     4.44966e-26
xbgr.xsky130_asc_cap_mim_m3_1_5.x19.a     4.44966e-26
xbgr.xsky130_asc_cap_mim_m3_1_5.x19.b1     4.44966e-26
xbgr.sky130_asc_res_xhigh_po_2p85_1_0/rin     4.28443e-26
xbgr.xsky130_asc_res_xhigh_po_2p85_1_0.x0.t1     4.28443e-26
xbgr.xsky130_asc_res_xhigh_po_2p85_1_0.x0.t2     4.28443e-26
xbgr.xsky130_asc_res_xhigh_po_2p85_1_0.x1.t1     4.28443e-26
xbgr.xsky130_asc_res_xhigh_po_2p85_1_0.x1.t2     4.28443e-26
xbgr.xsky130_asc_cap_mim_m3_1_6.x0.a     4.44966e-26
xbgr.xsky130_asc_cap_mim_m3_1_6.x0.b1     4.44966e-26
xbgr.xsky130_asc_cap_mim_m3_1_6.x1.a     4.44966e-26
xbgr.xsky130_asc_cap_mim_m3_1_6.x1.b1     4.44966e-26
xbgr.xsky130_asc_cap_mim_m3_1_6.x2.a     4.44966e-26
xbgr.xsky130_asc_cap_mim_m3_1_6.x2.b1     4.44966e-26
xbgr.xsky130_asc_cap_mim_m3_1_6.x3.a     4.44966e-26
xbgr.xsky130_asc_cap_mim_m3_1_6.x3.b1     4.44966e-26
xbgr.xsky130_asc_cap_mim_m3_1_6.x4.a     4.44966e-26
xbgr.xsky130_asc_cap_mim_m3_1_6.x4.b1     4.44966e-26
xbgr.xsky130_asc_cap_mim_m3_1_6.x5.a     4.44966e-26
xbgr.xsky130_asc_cap_mim_m3_1_6.x5.b1     4.44966e-26
xbgr.xsky130_asc_cap_mim_m3_1_6.x6.a     4.44966e-26
xbgr.xsky130_asc_cap_mim_m3_1_6.x6.b1     4.44966e-26
xbgr.xsky130_asc_cap_mim_m3_1_6.x7.a     4.44966e-26
xbgr.xsky130_asc_cap_mim_m3_1_6.x7.b1     4.44966e-26
xbgr.xsky130_asc_cap_mim_m3_1_6.x8.a     4.44966e-26
xbgr.xsky130_asc_cap_mim_m3_1_6.x8.b1     4.44966e-26
xbgr.xsky130_asc_cap_mim_m3_1_6.x9.a     4.44966e-26
xbgr.xsky130_asc_cap_mim_m3_1_6.x9.b1     4.44966e-26
xbgr.xsky130_asc_cap_mim_m3_1_6.x10.a     4.44966e-26
xbgr.xsky130_asc_cap_mim_m3_1_6.x10.b1     4.44966e-26
xbgr.xsky130_asc_cap_mim_m3_1_6.x11.a     4.44966e-26
xbgr.xsky130_asc_cap_mim_m3_1_6.x11.b1     4.44966e-26
xbgr.xsky130_asc_cap_mim_m3_1_6.x12.a     4.44966e-26
xbgr.xsky130_asc_cap_mim_m3_1_6.x12.b1     4.44966e-26
xbgr.xsky130_asc_cap_mim_m3_1_6.x13.a     4.44966e-26
xbgr.xsky130_asc_cap_mim_m3_1_6.x13.b1     4.44966e-26
xbgr.xsky130_asc_cap_mim_m3_1_6.x14.a     4.44966e-26
xbgr.xsky130_asc_cap_mim_m3_1_6.x14.b1     4.44966e-26
xbgr.xsky130_asc_cap_mim_m3_1_6.x15.a     4.44966e-26
xbgr.xsky130_asc_cap_mim_m3_1_6.x15.b1     4.44966e-26
xbgr.xsky130_asc_cap_mim_m3_1_6.x16.a     4.44966e-26
xbgr.xsky130_asc_cap_mim_m3_1_6.x16.b1     4.44966e-26
xbgr.xsky130_asc_cap_mim_m3_1_6.x17.a     4.44966e-26
xbgr.xsky130_asc_cap_mim_m3_1_6.x17.b1     4.44966e-26
xbgr.xsky130_asc_cap_mim_m3_1_6.x18.a     4.44966e-26
xbgr.xsky130_asc_cap_mim_m3_1_6.x18.b1     4.44966e-26
xbgr.xsky130_asc_cap_mim_m3_1_6.x19.a     4.44966e-26
xbgr.xsky130_asc_cap_mim_m3_1_6.x19.b1     4.44966e-26
xbgr.sky130_asc_res_xhigh_po_2p85_1_1/rin     4.28443e-26
xbgr.xsky130_asc_res_xhigh_po_2p85_1_1.x0.t1     4.28443e-26
xbgr.xsky130_asc_res_xhigh_po_2p85_1_1.x0.t2     4.28443e-26
xbgr.xsky130_asc_res_xhigh_po_2p85_1_1.x1.t1     4.28443e-26
xbgr.xsky130_asc_res_xhigh_po_2p85_1_1.x1.t2     4.28443e-26
xbgr.xsky130_asc_cap_mim_m3_1_7.x0.a     4.44966e-26
xbgr.xsky130_asc_cap_mim_m3_1_7.x0.b1     4.44966e-26
xbgr.xsky130_asc_cap_mim_m3_1_7.x1.a     4.44966e-26
xbgr.xsky130_asc_cap_mim_m3_1_7.x1.b1     4.44966e-26
xbgr.xsky130_asc_cap_mim_m3_1_7.x2.a     4.44966e-26
xbgr.xsky130_asc_cap_mim_m3_1_7.x2.b1     4.44966e-26
xbgr.xsky130_asc_cap_mim_m3_1_7.x3.a     4.44966e-26
xbgr.xsky130_asc_cap_mim_m3_1_7.x3.b1     4.44966e-26
xbgr.xsky130_asc_cap_mim_m3_1_7.x4.a     4.44966e-26
xbgr.xsky130_asc_cap_mim_m3_1_7.x4.b1     4.44966e-26
xbgr.xsky130_asc_cap_mim_m3_1_7.x5.a     4.44966e-26
xbgr.xsky130_asc_cap_mim_m3_1_7.x5.b1     4.44966e-26
xbgr.xsky130_asc_cap_mim_m3_1_7.x6.a     4.44966e-26
xbgr.xsky130_asc_cap_mim_m3_1_7.x6.b1     4.44966e-26
xbgr.xsky130_asc_cap_mim_m3_1_7.x7.a     4.44966e-26
xbgr.xsky130_asc_cap_mim_m3_1_7.x7.b1     4.44966e-26
xbgr.xsky130_asc_cap_mim_m3_1_7.x8.a     4.44966e-26
xbgr.xsky130_asc_cap_mim_m3_1_7.x8.b1     4.44966e-26
xbgr.xsky130_asc_cap_mim_m3_1_7.x9.a     4.44966e-26
xbgr.xsky130_asc_cap_mim_m3_1_7.x9.b1     4.44966e-26
xbgr.xsky130_asc_cap_mim_m3_1_7.x10.a     4.44966e-26
xbgr.xsky130_asc_cap_mim_m3_1_7.x10.b1     4.44966e-26
xbgr.xsky130_asc_cap_mim_m3_1_7.x11.a     4.44966e-26
xbgr.xsky130_asc_cap_mim_m3_1_7.x11.b1     4.44966e-26
xbgr.xsky130_asc_cap_mim_m3_1_7.x12.a     4.44966e-26
xbgr.xsky130_asc_cap_mim_m3_1_7.x12.b1     4.44966e-26
xbgr.xsky130_asc_cap_mim_m3_1_7.x13.a     4.44966e-26
xbgr.xsky130_asc_cap_mim_m3_1_7.x13.b1     4.44966e-26
xbgr.xsky130_asc_cap_mim_m3_1_7.x14.a     4.44966e-26
xbgr.xsky130_asc_cap_mim_m3_1_7.x14.b1     4.44966e-26
xbgr.xsky130_asc_cap_mim_m3_1_7.x15.a     4.44966e-26
xbgr.xsky130_asc_cap_mim_m3_1_7.x15.b1     4.44966e-26
xbgr.xsky130_asc_cap_mim_m3_1_7.x16.a     4.44966e-26
xbgr.xsky130_asc_cap_mim_m3_1_7.x16.b1     4.44966e-26
xbgr.xsky130_asc_cap_mim_m3_1_7.x17.a     4.44966e-26
xbgr.xsky130_asc_cap_mim_m3_1_7.x17.b1     4.44966e-26
xbgr.xsky130_asc_cap_mim_m3_1_7.x18.a     4.44966e-26
xbgr.xsky130_asc_cap_mim_m3_1_7.x18.b1     4.44966e-26
xbgr.xsky130_asc_cap_mim_m3_1_7.x19.a     4.44966e-26
xbgr.xsky130_asc_cap_mim_m3_1_7.x19.b1     4.44966e-26
xbgr.sky130_asc_res_xhigh_po_2p85_1_2/rin     4.28443e-26
xbgr.xsky130_asc_res_xhigh_po_2p85_1_2.x0.t1     4.28443e-26
xbgr.xsky130_asc_res_xhigh_po_2p85_1_2.x0.t2     4.28443e-26
xbgr.xsky130_asc_res_xhigh_po_2p85_1_2.x1.t1     4.28443e-26
xbgr.xsky130_asc_res_xhigh_po_2p85_1_2.x1.t2     4.28443e-26
xbgr.xsky130_asc_cap_mim_m3_1_8.x0.a     4.44966e-26
xbgr.xsky130_asc_cap_mim_m3_1_8.x0.b1     4.44966e-26
xbgr.xsky130_asc_cap_mim_m3_1_8.x1.a     4.44966e-26
xbgr.xsky130_asc_cap_mim_m3_1_8.x1.b1     4.44966e-26
xbgr.xsky130_asc_cap_mim_m3_1_8.x2.a     4.44966e-26
xbgr.xsky130_asc_cap_mim_m3_1_8.x2.b1     4.44966e-26
xbgr.xsky130_asc_cap_mim_m3_1_8.x3.a     4.44966e-26
xbgr.xsky130_asc_cap_mim_m3_1_8.x3.b1     4.44966e-26
xbgr.xsky130_asc_cap_mim_m3_1_8.x4.a     4.44966e-26
xbgr.xsky130_asc_cap_mim_m3_1_8.x4.b1     4.44966e-26
xbgr.xsky130_asc_cap_mim_m3_1_8.x5.a     4.44966e-26
xbgr.xsky130_asc_cap_mim_m3_1_8.x5.b1     4.44966e-26
xbgr.xsky130_asc_cap_mim_m3_1_8.x6.a     4.44966e-26
xbgr.xsky130_asc_cap_mim_m3_1_8.x6.b1     4.44966e-26
xbgr.xsky130_asc_cap_mim_m3_1_8.x7.a     4.44966e-26
xbgr.xsky130_asc_cap_mim_m3_1_8.x7.b1     4.44966e-26
xbgr.xsky130_asc_cap_mim_m3_1_8.x8.a     4.44966e-26
xbgr.xsky130_asc_cap_mim_m3_1_8.x8.b1     4.44966e-26
xbgr.xsky130_asc_cap_mim_m3_1_8.x9.a     4.44966e-26
xbgr.xsky130_asc_cap_mim_m3_1_8.x9.b1     4.44966e-26
xbgr.xsky130_asc_cap_mim_m3_1_8.x10.a     4.44966e-26
xbgr.xsky130_asc_cap_mim_m3_1_8.x10.b1     4.44966e-26
xbgr.xsky130_asc_cap_mim_m3_1_8.x11.a     4.44966e-26
xbgr.xsky130_asc_cap_mim_m3_1_8.x11.b1     4.44966e-26
xbgr.xsky130_asc_cap_mim_m3_1_8.x12.a     4.44966e-26
xbgr.xsky130_asc_cap_mim_m3_1_8.x12.b1     4.44966e-26
xbgr.xsky130_asc_cap_mim_m3_1_8.x13.a     4.44966e-26
xbgr.xsky130_asc_cap_mim_m3_1_8.x13.b1     4.44966e-26
xbgr.xsky130_asc_cap_mim_m3_1_8.x14.a     4.44966e-26
xbgr.xsky130_asc_cap_mim_m3_1_8.x14.b1     4.44966e-26
xbgr.xsky130_asc_cap_mim_m3_1_8.x15.a     4.44966e-26
xbgr.xsky130_asc_cap_mim_m3_1_8.x15.b1     4.44966e-26
xbgr.xsky130_asc_cap_mim_m3_1_8.x16.a     4.44966e-26
xbgr.xsky130_asc_cap_mim_m3_1_8.x16.b1     4.44966e-26
xbgr.xsky130_asc_cap_mim_m3_1_8.x17.a     4.44966e-26
xbgr.xsky130_asc_cap_mim_m3_1_8.x17.b1     4.44966e-26
xbgr.xsky130_asc_cap_mim_m3_1_8.x18.a     4.44966e-26
xbgr.xsky130_asc_cap_mim_m3_1_8.x18.b1     4.44966e-26
xbgr.xsky130_asc_cap_mim_m3_1_8.x19.a     4.44966e-26
xbgr.xsky130_asc_cap_mim_m3_1_8.x19.b1     4.44966e-26
xbgr.sky130_asc_res_xhigh_po_2p85_1_3/rin     4.28443e-26
xbgr.xsky130_asc_res_xhigh_po_2p85_1_3.x0.t1     4.28443e-26
xbgr.xsky130_asc_res_xhigh_po_2p85_1_3.x0.t2     4.28443e-26
xbgr.xsky130_asc_res_xhigh_po_2p85_1_3.x1.t1     4.28443e-26
xbgr.xsky130_asc_res_xhigh_po_2p85_1_3.x1.t2     4.28443e-26
xbgr.xsky130_asc_cap_mim_m3_1_9.x0.a     4.44966e-26
xbgr.xsky130_asc_cap_mim_m3_1_9.x0.b1     4.44966e-26
xbgr.xsky130_asc_cap_mim_m3_1_9.x1.a     4.44966e-26
xbgr.xsky130_asc_cap_mim_m3_1_9.x1.b1     4.44966e-26
xbgr.xsky130_asc_cap_mim_m3_1_9.x2.a     4.44966e-26
xbgr.xsky130_asc_cap_mim_m3_1_9.x2.b1     4.44966e-26
xbgr.xsky130_asc_cap_mim_m3_1_9.x3.a     4.44966e-26
xbgr.xsky130_asc_cap_mim_m3_1_9.x3.b1     4.44966e-26
xbgr.xsky130_asc_cap_mim_m3_1_9.x4.a     4.44966e-26
xbgr.xsky130_asc_cap_mim_m3_1_9.x4.b1     4.44966e-26
xbgr.xsky130_asc_cap_mim_m3_1_9.x5.a     4.44966e-26
xbgr.xsky130_asc_cap_mim_m3_1_9.x5.b1     4.44966e-26
xbgr.xsky130_asc_cap_mim_m3_1_9.x6.a     4.44966e-26
xbgr.xsky130_asc_cap_mim_m3_1_9.x6.b1     4.44966e-26
xbgr.xsky130_asc_cap_mim_m3_1_9.x7.a     4.44966e-26
xbgr.xsky130_asc_cap_mim_m3_1_9.x7.b1     4.44966e-26
xbgr.xsky130_asc_cap_mim_m3_1_9.x8.a     4.44966e-26
xbgr.xsky130_asc_cap_mim_m3_1_9.x8.b1     4.44966e-26
xbgr.xsky130_asc_cap_mim_m3_1_9.x9.a     4.44966e-26
xbgr.xsky130_asc_cap_mim_m3_1_9.x9.b1     4.44966e-26
xbgr.xsky130_asc_cap_mim_m3_1_9.x10.a     4.44966e-26
xbgr.xsky130_asc_cap_mim_m3_1_9.x10.b1     4.44966e-26
xbgr.xsky130_asc_cap_mim_m3_1_9.x11.a     4.44966e-26
xbgr.xsky130_asc_cap_mim_m3_1_9.x11.b1     4.44966e-26
xbgr.xsky130_asc_cap_mim_m3_1_9.x12.a     4.44966e-26
xbgr.xsky130_asc_cap_mim_m3_1_9.x12.b1     4.44966e-26
xbgr.xsky130_asc_cap_mim_m3_1_9.x13.a     4.44966e-26
xbgr.xsky130_asc_cap_mim_m3_1_9.x13.b1     4.44966e-26
xbgr.xsky130_asc_cap_mim_m3_1_9.x14.a     4.44966e-26
xbgr.xsky130_asc_cap_mim_m3_1_9.x14.b1     4.44966e-26
xbgr.xsky130_asc_cap_mim_m3_1_9.x15.a     4.44966e-26
xbgr.xsky130_asc_cap_mim_m3_1_9.x15.b1     4.44966e-26
xbgr.xsky130_asc_cap_mim_m3_1_9.x16.a     4.44966e-26
xbgr.xsky130_asc_cap_mim_m3_1_9.x16.b1     4.44966e-26
xbgr.xsky130_asc_cap_mim_m3_1_9.x17.a     4.44966e-26
xbgr.xsky130_asc_cap_mim_m3_1_9.x17.b1     4.44966e-26
xbgr.xsky130_asc_cap_mim_m3_1_9.x18.a     4.44966e-26
xbgr.xsky130_asc_cap_mim_m3_1_9.x18.b1     4.44966e-26
xbgr.xsky130_asc_cap_mim_m3_1_9.x19.a     4.44966e-26
xbgr.xsky130_asc_cap_mim_m3_1_9.x19.b1     4.44966e-26
xbgr.sky130_asc_res_xhigh_po_2p85_1_4/rin     4.28443e-26
xbgr.xsky130_asc_res_xhigh_po_2p85_1_4.x0.t1     4.28443e-26
xbgr.xsky130_asc_res_xhigh_po_2p85_1_4.x0.t2     4.28443e-26
xbgr.xsky130_asc_res_xhigh_po_2p85_1_4.x1.t1     4.28443e-26
xbgr.xsky130_asc_res_xhigh_po_2p85_1_4.x1.t2     4.28443e-26
xbgr.sky130_asc_res_xhigh_po_2p85_1_5/rin     4.28443e-26
xbgr.xsky130_asc_res_xhigh_po_2p85_1_5.x0.t1     4.28443e-26
xbgr.xsky130_asc_res_xhigh_po_2p85_1_5.x0.t2     4.28443e-26
xbgr.xsky130_asc_res_xhigh_po_2p85_1_5.x1.t1     4.28443e-26
xbgr.xsky130_asc_res_xhigh_po_2p85_1_5.x1.t2     4.28443e-26
xbgr.xsky130_asc_res_xhigh_po_2p85_1_6.x0.t1     4.28443e-26
xbgr.xsky130_asc_res_xhigh_po_2p85_1_6.x0.t2     4.28443e-26
xbgr.xsky130_asc_res_xhigh_po_2p85_1_6.x1.t1     4.28443e-26
xbgr.xsky130_asc_res_xhigh_po_2p85_1_6.x1.t2     4.28443e-26
v2#branch                          1.16106e-42
v1#branch                          -2.2894e-27


No. of Data Rows : 503
binary raw file "./result/post_bandgap_real_27degc_vbg.raw"
binary raw file "./result/post_bandgap_real_27degc_VDD.raw"
binary raw file "./result/post_bandgap_real_27degc_porst.raw"
ngspice-36 done
